<?xml version="1.0" encoding="UTF-8"?>
<!-- Generated by org.testng.reporters.JUnitXMLReporter -->
<testsuite ignored="0" hostname="DESKTOP-QR026C9" failures="0" tests="3" name="Test" time="12.686" errors="0" timestamp="2024-05-30T10:19:45 IST">
  <testcase classname="com.test.OrangeHrmTest" name="login" time="9.307"/>
  <testcase classname="com.test.OrangeHrmTest" name="testAdmin" time="2.343"/>
  <testcase classname="com.test.OrangeHrmTest" name="testLogout" time="0.988"/>
</testsuite> <!-- Test -->
