<?xml version="1.0" encoding="UTF-8"?>
<testng-results ignored="0" total="3" passed="3" failed="0" skipped="0">
  <reporter-output>
  </reporter-output>
  <suite started-at="2024-05-30T10:19:33 IST" name="Suite" finished-at="2024-05-30T10:19:45 IST" duration-ms="12686">
    <groups>
    </groups>
    <test started-at="2024-05-30T10:19:33 IST" name="Test" finished-at="2024-05-30T10:19:45 IST" duration-ms="12686">
      <class name="com.test.OrangeHrmTest">
        <test-method signature="login()[pri:0, instance:com.test.OrangeHrmTest@49b0b76]" started-at="2024-05-30T10:19:33 IST" name="login" finished-at="2024-05-30T10:19:42 IST" duration-ms="9307" status="PASS">
          <reporter-output>
          </reporter-output>
        </test-method> <!-- login -->
        <test-method signature="testAdmin()[pri:0, instance:com.test.OrangeHrmTest@49b0b76]" started-at="2024-05-30T10:19:42 IST" name="testAdmin" finished-at="2024-05-30T10:19:44 IST" duration-ms="2343" status="PASS">
          <reporter-output>
          </reporter-output>
        </test-method> <!-- testAdmin -->
        <test-method signature="testLogout()[pri:0, instance:com.test.OrangeHrmTest@49b0b76]" started-at="2024-05-30T10:19:44 IST" name="testLogout" finished-at="2024-05-30T10:19:45 IST" duration-ms="988" status="PASS">
          <reporter-output>
          </reporter-output>
        </test-method> <!-- testLogout -->
      </class> <!-- com.test.OrangeHrmTest -->
    </test> <!-- Test -->
  </suite> <!-- Suite -->
</testng-results>
